<?xml version="1.0" encoding="UTF-8"?>
<testsuite xmlns:xsi="http://www.w3.org/2001/XMLSchema-instance" xsi:noNamespaceSchemaLocation="https://maven.apache.org/surefire/maven-surefire-plugin/xsd/surefire-test-report-3.0.xsd" version="3.0" name="com.sandeshshahapur.sportsScheduler.SportsSchedulerApplicationTests" time="6.415" tests="1" errors="0" skipped="0" failures="0">
  <properties>
[...]
</properties>
  <testcase name="contextLoads" classname="com.sandeshshahapur.sportsScheduler.SportsSchedulerApplicationTests" time="1.716">
    <system-out><![CDATA[19:23:12.870 [main] INFO org.springframework.test.context.support.AnnotationConfigContextLoaderUtils -- Could not detect default configuration classes for test class [com.sandeshshahapur.sportsScheduler.SportsSchedulerApplicationTests]: SportsSchedulerApplicationTests does not declare any static, non-private, non-final, nested classes annotated with @Configuration.
19:23:13.096 [main] INFO org.springframework.boot.test.context.SpringBootTestContextBootstrapper -- Found @SpringBootConfiguration com.sandeshshahapur.sportsScheduler.SportsSchedulerApplication for test class com.sandeshshahapur.sportsScheduler.SportsSchedulerApplicationTests

  .   ____          _            __ _ _
 /\\ / ___'_ __ _ _(_)_ __  __ _ \ \ \ \
( ( )\___ | '_ | '_| | '_ \/ _` | \ \ \ \
 \\/  ___)| |_)| | | | | || (_| |  ) ) ) )
  '  |____| .__|_| |_|_| |_\__, | / / / /
 =========|_|==============|___/=/_/_/_/
 :: Spring Boot ::                (v3.2.5)

2024-05-02T19:23:14.044+05:30  INFO 6296 --- [sportsScheduler] [           main] c.s.s.SportsSchedulerApplicationTests    : Starting SportsSchedulerApplicationTests using Java 21.0.2 with PID 6296 (started by Sandesh in F:\sandy-personal\ProgStudy\projects\sports_scheduler\backend)
2024-05-02T19:23:14.047+05:30  INFO 6296 --- [sportsScheduler] [           main] c.s.s.SportsSchedulerApplicationTests    : No active profile set, falling back to 1 default profile: "default"
2024-05-02T19:23:17.011+05:30  INFO 6296 --- [sportsScheduler] [           main] c.s.s.SportsSchedulerApplicationTests    : Started SportsSchedulerApplicationTests in 3.554 seconds (process running for 6.603)
]]></system-out>
    <system-err><![CDATA[WARNING: A Java agent has been loaded dynamically (C:\Users\Sandesh\.m2\repository\net\bytebuddy\byte-buddy-agent\1.14.13\byte-buddy-agent-1.14.13.jar)
WARNING: If a serviceability tool is in use, please run with -XX:+EnableDynamicAgentLoading to hide this warning
WARNING: If a serviceability tool is not in use, please run with -Djdk.instrument.traceUsage for more information
WARNING: Dynamic loading of agents will be disallowed by default in a future release
]]></system-err>
  </testcase>
</testsuite>